<?xml version="1.0" encoding="UTF-8"?>
<!-- Generated by org.testng.reporters.JUnitReportReporter -->
<testsuite hostname="water7878778-All-Series" failures="0" tests="5" name="ordering.ContractVerifierTest" time="5.960" errors="0" timestamp="7 May 2020 13:10:15 GMT">
  <testcase classname="ordering.ContractVerifierTest" name="validate_groceryinventory_getGroceryFromOrderList" time="0.168"/>
  <testcase classname="ordering.ContractVerifierTest" name="validate_cinemacatalog_validate_prime_number" time="0.044"/>
  <testcase classname="ordering.ContractVerifierTest" name="validate_cinemacatalog_newMovieOrdering" time="0.131"/>
  <testcase classname="ordering.ContractVerifierTest" name="validate_cinemacatalog_getMovieFromOrderList" time="0.157"/>
  <testcase classname="ordering.ContractVerifierTest" name="validate_groceryinventory_newGroceryOrdering" time="5.460"/>
</testsuite> <!-- ordering.ContractVerifierTest -->
